2017-06-12 15:02:01 0:0:0:0:0:0:0:1 /index
2017-06-12 15:02:01 0:0:0:0:0:0:0:1 /css/normalize.css
2017-06-12 15:02:07 0:0:0:0:0:0:0:1 /index
2017-06-12 15:02:07 0:0:0:0:0:0:0:1 /css/normalize.css
2017-06-12 15:02:10 0:0:0:0:0:0:0:1 /index
2017-06-12 15:02:10 0:0:0:0:0:0:0:1 /css/normalize.css
2017-06-12 15:02:12 0:0:0:0:0:0:0:1 /index
2017-06-12 15:02:12 0:0:0:0:0:0:0:1 /css/normalize.css
2017-06-12 15:02:14 0:0:0:0:0:0:0:1 /index
2017-06-12 15:02:14 0:0:0:0:0:0:0:1 /css/normalize.css
2017-06-12 15:02:17 0:0:0:0:0:0:0:1 /index
2017-06-12 15:02:17 0:0:0:0:0:0:0:1 /css/normalize.css
2017-06-12 15:02:19 0:0:0:0:0:0:0:1 /index
2017-06-12 15:02:19 0:0:0:0:0:0:0:1 /css/normalize.css
2017-06-12 15:14:56 0:0:0:0:0:0:0:1 /index
2017-06-12 15:14:56 0:0:0:0:0:0:0:1 /css/normalize.css
2017-06-12 15:14:59 0:0:0:0:0:0:0:1 /index
2017-06-12 15:14:59 0:0:0:0:0:0:0:1 /css/normalize.css
2017-06-12 15:15:05 0:0:0:0:0:0:0:1 /index
2017-06-12 15:15:05 0:0:0:0:0:0:0:1 /css/normalize.css
2017-06-12 15:29:38 0:0:0:0:0:0:0:1 /index
2017-06-12 15:29:39 0:0:0:0:0:0:0:1 /css/normalize.css
2017-06-12 15:41:55 0:0:0:0:0:0:0:1 /index
2017-06-12 15:41:55 0:0:0:0:0:0:0:1 /css/normalize.css
2017-06-12 15:44:47 0:0:0:0:0:0:0:1 /index
2017-06-12 15:44:47 0:0:0:0:0:0:0:1 /css/normalize.css
2017-06-12 15:48:03 0:0:0:0:0:0:0:1 /index
2017-06-12 15:48:03 0:0:0:0:0:0:0:1 /css/normalize.css
2017-06-12 15:49:23 0:0:0:0:0:0:0:1 /index
2017-06-12 15:49:24 0:0:0:0:0:0:0:1 /css/normalize.css
2017-06-12 15:52:18 0:0:0:0:0:0:0:1 /index
2017-06-12 15:52:18 0:0:0:0:0:0:0:1 /css/normalize.css
2017-06-12 15:55:53 0:0:0:0:0:0:0:1 /index
2017-06-12 15:55:54 0:0:0:0:0:0:0:1 /css/normalize.css
2017-06-12 15:57:55 0:0:0:0:0:0:0:1 /index
2017-06-12 15:57:55 0:0:0:0:0:0:0:1 /css/normalize.css
2017-06-12 15:58:49 0:0:0:0:0:0:0:1 /index
2017-06-12 15:58:49 0:0:0:0:0:0:0:1 /css/normalize.css
2017-06-12 16:00:09 0:0:0:0:0:0:0:1 /index
2017-06-12 16:00:09 0:0:0:0:0:0:0:1 /css/normalize.css
2017-06-12 16:27:15 0:0:0:0:0:0:0:1 /index
2017-06-12 16:27:55 0:0:0:0:0:0:0:1 /index
2017-06-12 16:27:55 0:0:0:0:0:0:0:1 /css/normalize.css
2017-06-12 16:31:58 0:0:0:0:0:0:0:1 /index
2017-06-12 16:31:58 0:0:0:0:0:0:0:1 /css/normalize.css
2017-06-27 15:50:52 0:0:0:0:0:0:0:1 /
2017-06-27 15:50:52 0:0:0:0:0:0:0:1 /css/normalize.css
2017-06-27 15:50:52 0:0:0:0:0:0:0:1 /images/favicon.png
2017-06-27 16:06:29 0:0:0:0:0:0:0:1 /
2017-06-27 16:06:29 java.time.temporal.UnsupportedTemporalTypeException: Unsupported unit: Seconds
2017-06-27 16:06:32 0:0:0:0:0:0:0:1 /
2017-06-27 16:06:32 java.time.temporal.UnsupportedTemporalTypeException: Unsupported unit: Seconds
2017-06-27 16:25:49 0:0:0:0:0:0:0:1 /
2017-06-27 16:25:49 java.time.DateTimeException: Unable to obtain LocalDateTime from TemporalAccessor: 2017-06-27 of type java.time.LocalDate
2017-06-27 16:26:52 0:0:0:0:0:0:0:1 /
2017-06-27 16:26:54 0:0:0:0:0:0:0:1 /
2017-06-27 16:27:49 0:0:0:0:0:0:0:1 /
2017-06-27 16:27:50 0:0:0:0:0:0:0:1 /css/normalize.css
2017-06-27 16:28:47 0:0:0:0:0:0:0:1 /
2017-06-27 16:28:47 0:0:0:0:0:0:0:1 /css/normalize.css
2017-06-27 16:31:08 0:0:0:0:0:0:0:1 /
2017-06-27 16:31:08 0:0:0:0:0:0:0:1 /css/normalize.css
2017-06-27 16:36:20 0:0:0:0:0:0:0:1 /
2017-06-27 16:36:20 0:0:0:0:0:0:0:1 /css/normalize.css
2017-06-27 16:36:20 0:0:0:0:0:0:0:1 /images/favicon.png
2017-06-27 16:36:24 0:0:0:0:0:0:0:1 /
2017-06-27 16:36:24 0:0:0:0:0:0:0:1 /css/normalize.css
2017-06-27 16:36:26 0:0:0:0:0:0:0:1 /
2017-06-27 16:36:26 0:0:0:0:0:0:0:1 /css/normalize.css
2017-06-27 16:36:28 0:0:0:0:0:0:0:1 /
2017-06-27 16:36:28 0:0:0:0:0:0:0:1 /css/normalize.css
2017-06-27 16:36:31 0:0:0:0:0:0:0:1 /
2017-06-27 16:36:31 0:0:0:0:0:0:0:1 /css/normalize.css
2017-06-27 16:36:32 0:0:0:0:0:0:0:1 /
2017-06-27 16:36:33 0:0:0:0:0:0:0:1 /css/normalize.css
2017-06-27 16:36:35 0:0:0:0:0:0:0:1 /
2017-06-27 16:36:35 0:0:0:0:0:0:0:1 /css/normalize.css
2017-06-27 16:36:37 0:0:0:0:0:0:0:1 /
2017-06-27 16:36:37 0:0:0:0:0:0:0:1 /css/normalize.css
2017-06-27 16:38:49 0:0:0:0:0:0:0:1 /
2017-06-27 16:38:49 0:0:0:0:0:0:0:1 /css/normalize.css
2017-06-27 16:38:52 0:0:0:0:0:0:0:1 /
2017-06-27 16:38:52 0:0:0:0:0:0:0:1 /css/normalize.css
2017-06-27 16:38:54 0:0:0:0:0:0:0:1 /
2017-06-27 16:38:54 0:0:0:0:0:0:0:1 /css/normalize.css
2017-06-27 16:38:56 0:0:0:0:0:0:0:1 /
2017-06-27 16:38:56 0:0:0:0:0:0:0:1 /css/normalize.css
2017-06-27 16:39:22 0:0:0:0:0:0:0:1 /
2017-06-27 16:39:22 0:0:0:0:0:0:0:1 /css/normalize.css
2017-06-27 16:39:27 0:0:0:0:0:0:0:1 /
2017-06-27 16:39:27 0:0:0:0:0:0:0:1 /css/normalize.css
2017-06-27 16:40:22 0:0:0:0:0:0:0:1 /
2017-06-27 16:40:23 0:0:0:0:0:0:0:1 /css/normalize.css
2017-06-27 16:40:25 0:0:0:0:0:0:0:1 /
2017-06-27 16:40:25 0:0:0:0:0:0:0:1 /css/normalize.css
2017-06-27 16:45:17 0:0:0:0:0:0:0:1 /
2017-06-27 16:45:17 0:0:0:0:0:0:0:1 /css/normalize.css
2017-06-27 16:45:18 0:0:0:0:0:0:0:1 /
2017-06-27 16:45:19 0:0:0:0:0:0:0:1 /css/normalize.css
2017-06-27 16:45:20 0:0:0:0:0:0:0:1 /
2017-06-27 16:45:21 0:0:0:0:0:0:0:1 /css/normalize.css
2017-06-27 16:45:23 0:0:0:0:0:0:0:1 /
2017-06-27 16:45:23 0:0:0:0:0:0:0:1 /css/normalize.css
2017-06-27 16:45:28 0:0:0:0:0:0:0:1 /
2017-06-27 16:45:28 0:0:0:0:0:0:0:1 /css/normalize.css
2017-06-27 16:45:32 0:0:0:0:0:0:0:1 /
2017-06-27 16:45:32 0:0:0:0:0:0:0:1 /css/normalize.css
2017-06-27 16:45:38 0:0:0:0:0:0:0:1 /
2017-06-27 16:45:38 0:0:0:0:0:0:0:1 /css/normalize.css
2017-06-27 17:04:49 0:0:0:0:0:0:0:1 /
2017-06-27 17:04:49 0:0:0:0:0:0:0:1 /css/normalize.css
2017-06-27 17:04:52 0:0:0:0:0:0:0:1 /
2017-06-27 17:04:52 0:0:0:0:0:0:0:1 /css/normalize.css
2017-06-27 17:04:54 0:0:0:0:0:0:0:1 /
2017-06-27 17:04:54 0:0:0:0:0:0:0:1 /css/normalize.css
2017-06-27 17:04:57 0:0:0:0:0:0:0:1 /
2017-06-27 17:04:57 0:0:0:0:0:0:0:1 /css/normalize.css
2017-06-28 08:55:27 0:0:0:0:0:0:0:1 /robots.txt
2017-06-28 08:55:27 0:0:0:0:0:0:0:1 /favicon.ico
2017-06-28 09:13:21 0:0:0:0:0:0:0:1 /robots.txt
2017-06-28 09:17:40 0:0:0:0:0:0:0:1 /robots.txt
2017-06-29 10:16:03 0:0:0:0:0:0:0:1 /
2017-06-29 10:16:03 0:0:0:0:0:0:0:1 /css/normalize.css
2017-06-29 10:16:03 0:0:0:0:0:0:0:1 /images/favicon.png
2017-06-29 10:16:10 0:0:0:0:0:0:0:1 /robots.txt
2017-06-29 10:16:10 0:0:0:0:0:0:0:1 /favicon.ico
2017-07-24 15:56:59 0:0:0:0:0:0:0:1 /
2017-07-24 15:56:59 0:0:0:0:0:0:0:1 /css/normalize.css
2017-07-24 15:56:59 0:0:0:0:0:0:0:1 /images/favicon.png
2017-07-24 16:32:56 0:0:0:0:0:0:0:1 /
2017-07-24 16:32:57 0:0:0:0:0:0:0:1 /css/normalize.css
2017-07-24 16:32:58 0:0:0:0:0:0:0:1 /images/branding/googlelogo/1x/googlelogo_white_background_color_272x92dp.png
2017-07-24 16:32:58 0:0:0:0:0:0:0:1 /images/nav_logo229.png
2017-07-24 16:32:58 0:0:0:0:0:0:0:1 /client_204
2017-07-24 16:32:58 0:0:0:0:0:0:0:1 /xjs/_/js/k=xjs.hp.en_US.m91yw5sHfik.O/m=sb_he,d/am=ADA/rt=j/d=1/t=zcms/rs=ACT90oE1LsXpA4_8epUVA1cUWK9Z5KDJnA
2017-07-24 16:32:58 0:0:0:0:0:0:0:1 /images/nav_logo229.png
2017-07-26 14:21:21 0:0:0:0:0:0:0:1 /
2017-07-26 14:21:22 0:0:0:0:0:0:0:1 /css/normalize.css
2017-07-26 14:21:22 0:0:0:0:0:0:0:1 /images/favicon.png
2017-07-26 14:21:27 0:0:0:0:0:0:0:1 /on
2017-07-26 14:21:28 0:0:0:0:0:0:0:1 /css/normalize.css
2017-07-26 14:25:37 0:0:0:0:0:0:0:1 /on
2017-07-26 14:25:37 0:0:0:0:0:0:0:1 /css/normalize.css
2017-07-26 14:25:41 0:0:0:0:0:0:0:1 /on
2017-07-26 14:25:41 0:0:0:0:0:0:0:1 /css/normalize.css
2017-07-26 14:25:44 0:0:0:0:0:0:0:1 /
2017-07-26 14:25:44 0:0:0:0:0:0:0:1 /css/normalize.css
2017-07-26 14:25:47 0:0:0:0:0:0:0:1 /
2017-07-26 14:25:47 0:0:0:0:0:0:0:1 /css/normalize.css
2017-07-26 14:25:52 0:0:0:0:0:0:0:1 /favicon.ico
2017-07-26 14:26:12 0:0:0:0:0:0:0:1 /
2017-07-26 14:26:15 0:0:0:0:0:0:0:1 /
2017-07-26 14:26:19 0:0:0:0:0:0:0:1 /
2017-07-26 14:26:19 0:0:0:0:0:0:0:1 /css/normalize.css
2017-07-26 14:30:15 0:0:0:0:0:0:0:1 /
2017-07-26 14:30:15 0:0:0:0:0:0:0:1 /css/normalize.css
2017-07-26 14:33:18 0:0:0:0:0:0:0:1 /
2017-07-26 14:33:18 0:0:0:0:0:0:0:1 /css/normalize.css
2017-07-26 14:34:38 0:0:0:0:0:0:0:1 /on
2017-07-26 14:34:38 0:0:0:0:0:0:0:1 /css/normalize.css
2017-07-26 14:35:20 0:0:0:0:0:0:0:1 /on
2017-07-26 14:35:21 0:0:0:0:0:0:0:1 /css/normalize.css
2017-07-26 14:35:23 0:0:0:0:0:0:0:1 /on
2017-07-26 14:35:23 0:0:0:0:0:0:0:1 /css/normalize.css
2017-07-26 14:35:43 0:0:0:0:0:0:0:1 /on
2017-07-26 14:35:50 0:0:0:0:0:0:0:1 /on
2017-07-26 14:36:40 0:0:0:0:0:0:0:1 /on
2017-07-26 14:37:24 0:0:0:0:0:0:0:1 /on
2017-07-26 14:37:24 0:0:0:0:0:0:0:1 /css/normalize.css
2017-07-26 14:45:02 0:0:0:0:0:0:0:1 /on
2017-07-26 14:45:02 0:0:0:0:0:0:0:1 /css/normalize.css
2017-07-26 14:45:10 0:0:0:0:0:0:0:1 /off
2017-07-26 14:45:26 0:0:0:0:0:0:0:1 /off
2017-07-26 14:45:26 [{"success":{"/groups/0/action/on":true}}]
2017-07-26 14:45:26 0:0:0:0:0:0:0:1 /css/normalize.css
2017-07-26 14:46:20 0:0:0:0:0:0:0:1 /on
2017-07-26 14:46:20 [{"success":{"/groups/0/action/on":false}}]
2017-07-26 14:46:20 0:0:0:0:0:0:0:1 /css/normalize.css
2017-07-26 14:52:43 0:0:0:0:0:0:0:1 /on
2017-07-26 14:52:43 [{"success":{"/groups/0/action/on":false}}]
2017-07-26 14:52:43 0:0:0:0:0:0:0:1 /css/normalize.css
2017-07-26 14:52:46 0:0:0:0:0:0:0:1 /
2017-07-26 14:52:46 0:0:0:0:0:0:0:1 /css/normalize.css
2017-07-26 14:53:24 0:0:0:0:0:0:0:1 /
2017-07-26 14:53:25 0:0:0:0:0:0:0:1 /css/normalize.css
2017-07-26 14:53:29 0:0:0:0:0:0:0:1 /on
2017-07-26 14:53:29 [{"success":{"/groups/0/action/on":true}}]
2017-07-26 14:53:29 0:0:0:0:0:0:0:1 /css/normalize.css
2017-07-26 14:53:51 0:0:0:0:0:0:0:1 /off
2017-07-26 14:53:51 [{"success":{"/groups/0/action/on":false}}]
2017-07-26 14:53:51 0:0:0:0:0:0:0:1 /css/normalize.css
2017-07-26 14:55:50 0:0:0:0:0:0:0:1 /off
2017-07-26 14:55:50 [{"success":{"/groups/0/action/on":false}}]
2017-07-26 14:55:50 0:0:0:0:0:0:0:1 /css/normalize.css
2017-07-26 14:55:53 0:0:0:0:0:0:0:1 /on
2017-07-26 14:55:53 [{"success":{"/groups/0/action/on":true}}]
2017-07-26 14:55:53 0:0:0:0:0:0:0:1 /css/normalize.css
2017-07-26 14:56:12 0:0:0:0:0:0:0:1 /
2017-07-26 14:56:12 0:0:0:0:0:0:0:1 /css/normalize.css
2017-07-26 14:56:16 0:0:0:0:0:0:0:1 /off
2017-07-26 14:56:16 [{"success":{"/groups/0/action/on":false}}]
2017-07-26 14:56:16 0:0:0:0:0:0:0:1 /css/normalize.css
2017-07-26 14:56:32 0:0:0:0:0:0:0:1 /on
2017-07-26 14:56:32 [{"success":{"/groups/0/action/on":true}}]
2017-07-26 14:56:32 0:0:0:0:0:0:0:1 /css/normalize.css
2017-07-26 14:56:38 0:0:0:0:0:0:0:1 /off
2017-07-26 14:56:38 [{"success":{"/groups/0/action/on":false}}]
2017-07-26 14:56:38 0:0:0:0:0:0:0:1 /css/normalize.css
2017-07-26 15:02:54 0:0:0:0:0:0:0:1 /off
2017-07-26 15:02:55 [{"success":{"/groups/null/action/on":false}}]
2017-07-26 15:02:55 0:0:0:0:0:0:0:1 /css/normalize.css
2017-07-26 15:02:59 0:0:0:0:0:0:0:1 /on
2017-07-26 15:02:59 [{"success":{"/groups/0/action/on":true}}]
2017-07-26 15:02:59 0:0:0:0:0:0:0:1 /css/normalize.css
2017-07-26 15:03:07 0:0:0:0:0:0:0:1 /off
2017-07-26 15:03:07 [{"success":{"/groups/0/action/on":false}}]
2017-07-26 15:03:07 0:0:0:0:0:0:0:1 /css/normalize.css
2017-07-26 16:25:51 0:0:0:0:0:0:0:1 /off
2017-07-26 16:25:52 [{"success":{"/groups/0/action/on":false}}]
2017-07-26 16:25:52 0:0:0:0:0:0:0:1 /css/normalize.css
2017-07-26 16:26:36 0:0:0:0:0:0:0:1 /off
2017-07-26 16:26:36 [{"success":{"/groups/0/action/on":false}}]
2017-07-26 16:26:36 0:0:0:0:0:0:0:1 /css/normalize.css
2017-07-26 16:40:42 0:0:0:0:0:0:0:1 /off
2017-07-26 16:40:43 [{"success":{"/groups/0/action/on":false}}]
2017-07-26 16:40:43 0:0:0:0:0:0:0:1 /css/normalize.css
2017-07-26 16:43:16 0:0:0:0:0:0:0:1 /
2017-07-26 16:43:17 0:0:0:0:0:0:0:1 /css/normalize.css
2017-07-26 16:48:11 0:0:0:0:0:0:0:1 /
2017-07-26 16:48:12 0:0:0:0:0:0:0:1 /css/normalize.css
2017-07-26 16:50:59 0:0:0:0:0:0:0:1 /
2017-07-26 16:51:00 0:0:0:0:0:0:0:1 /css/normalize.css
2017-07-26 16:54:44 0:0:0:0:0:0:0:1 /
2017-07-26 16:54:44 0:0:0:0:0:0:0:1 /css/normalize.css
2017-07-26 16:55:04 0:0:0:0:0:0:0:1 /
2017-07-26 16:55:45 0:0:0:0:0:0:0:1 /
2017-07-26 16:55:47 0:0:0:0:0:0:0:1 /
2017-07-26 16:57:24 0:0:0:0:0:0:0:1 /
2017-07-26 16:57:53 0:0:0:0:0:0:0:1 /css/normalize.css
2017-07-26 16:57:55 0:0:0:0:0:0:0:1 /
2017-07-26 16:59:44 0:0:0:0:0:0:0:1 /
2017-07-26 17:01:23 0:0:0:0:0:0:0:1 /
2017-07-26 17:04:44 0:0:0:0:0:0:0:1 /
2017-07-26 17:06:37 0:0:0:0:0:0:0:1 /
2017-07-26 17:07:06 0:0:0:0:0:0:0:1 /
2017-07-26 17:07:41 0:0:0:0:0:0:0:1 /
2017-07-26 17:08:07 0:0:0:0:0:0:0:1 /css/normalize.css
2017-07-26 17:15:13 0:0:0:0:0:0:0:1 /
2017-07-26 17:15:22 0:0:0:0:0:0:0:1 /
2017-07-26 17:15:22 0:0:0:0:0:0:0:1 /css/normalize.css
2017-07-26 17:16:33 0:0:0:0:0:0:0:1 /
2017-07-26 17:17:07 0:0:0:0:0:0:0:1 /
2017-07-26 17:18:15 0:0:0:0:0:0:0:1 /
2017-07-26 17:18:51 0:0:0:0:0:0:0:1 /
2017-07-26 17:18:58 0:0:0:0:0:0:0:1 /
2017-07-26 17:19:00 0:0:0:0:0:0:0:1 /css/normalize.css
2017-07-26 17:19:31 0:0:0:0:0:0:0:1 /
2017-07-26 17:19:31 0:0:0:0:0:0:0:1 /css/normalize.css
