2017-10-02 15:17:01 0:0:0:0:0:0:0:1 /
2017-10-02 15:17:02 0:0:0:0:0:0:0:1 /css/normalize.css
2017-10-02 15:17:19 0:0:0:0:0:0:0:1 /questions
2017-10-02 15:17:19 0:0:0:0:0:0:0:1 /css/normalize.css
2017-10-02 15:17:21 0:0:0:0:0:0:0:1 /
2017-10-02 15:17:21 0:0:0:0:0:0:0:1 /css/normalize.css
2017-10-02 15:18:32 0:0:0:0:0:0:0:1 /
2017-10-02 15:18:32 0:0:0:0:0:0:0:1 /css/normalize.css
2017-10-02 15:18:46 0:0:0:0:0:0:0:1 /questions
2017-10-02 15:18:46 0:0:0:0:0:0:0:1 /css/normalize.css
2017-10-02 15:18:48 0:0:0:0:0:0:0:1 /
2017-10-02 15:18:48 0:0:0:0:0:0:0:1 /css/normalize.css
2017-10-02 15:27:35 0:0:0:0:0:0:0:1 /
2017-10-02 15:27:35 0:0:0:0:0:0:0:1 /css/normalize.css
2017-10-02 15:35:26 0:0:0:0:0:0:0:1 /
2017-10-02 15:35:26 0:0:0:0:0:0:0:1 /css/normalize.css
2017-10-02 15:39:41 0:0:0:0:0:0:0:1 /
2017-10-02 15:39:41 0:0:0:0:0:0:0:1 /css/normalize.css
2017-10-02 15:40:11 0:0:0:0:0:0:0:1 /
2017-10-02 15:40:11 0:0:0:0:0:0:0:1 /css/normalize.css
2017-10-02 15:48:09 0:0:0:0:0:0:0:1 /
2017-10-02 15:48:09 0:0:0:0:0:0:0:1 /css/normalize.css
2017-10-02 15:50:20 0:0:0:0:0:0:0:1 /
2017-10-02 15:50:20 0:0:0:0:0:0:0:1 /css/normalize.css
2017-10-02 15:57:57 0:0:0:0:0:0:0:1 /
2017-10-02 15:57:57 0:0:0:0:0:0:0:1 /css/normalize.css
2017-10-05 16:35:27 0:0:0:0:0:0:0:1 /
2017-10-05 16:35:27 0:0:0:0:0:0:0:1 /css/normalize.css
2017-10-05 16:35:31 0:0:0:0:0:0:0:1 /stats
2017-10-05 16:35:31 0:0:0:0:0:0:0:1 /favicon.ico
2017-10-05 16:35:39 0:0:0:0:0:0:0:1 /stats.txt
2017-10-05 16:35:43 0:0:0:0:0:0:0:1 /stats.txt
2017-10-06 11:45:20 0:0:0:0:0:0:0:1 /stats.txt
2017-10-06 11:45:31 0:0:0:0:0:0:0:1 /stats.txt
2017-10-06 11:45:40 0:0:0:0:0:0:0:1 /stats.txt
2017-10-06 11:49:21 0:0:0:0:0:0:0:1 /stats.txt
2017-10-06 11:49:26 0:0:0:0:0:0:0:1 /css/normalize.css
2017-10-06 11:51:24 0:0:0:0:0:0:0:1 /stats.txt
2017-10-06 11:51:25 0:0:0:0:0:0:0:1 /css/normalize.css
2017-10-06 11:53:04 0:0:0:0:0:0:0:1 /stats.txt
2017-10-06 11:53:04 0:0:0:0:0:0:0:1 /css/normalize.css
2017-10-06 11:53:10 0:0:0:0:0:0:0:1 /
2017-10-06 11:53:10 0:0:0:0:0:0:0:1 /css/normalize.css
2017-10-06 15:31:58 0:0:0:0:0:0:0:1 /
2017-10-06 15:33:24 0:0:0:0:0:0:0:1 /
2017-10-06 15:33:24 0:0:0:0:0:0:0:1 /css/normalize.css
2017-10-06 15:33:29 0:0:0:0:0:0:0:1 /stats
2017-10-06 15:33:30 0:0:0:0:0:0:0:1 /css/normalize.css
2017-10-06 15:33:33 0:0:0:0:0:0:0:1 /
2017-10-06 15:33:33 0:0:0:0:0:0:0:1 /css/normalize.css
2017-10-06 15:33:36 0:0:0:0:0:0:0:1 /stats
2017-10-06 15:33:36 0:0:0:0:0:0:0:1 /css/normalize.css
2017-10-06 15:33:38 0:0:0:0:0:0:0:1 /
2017-10-06 15:33:38 0:0:0:0:0:0:0:1 /css/normalize.css
2017-10-06 15:34:13 0:0:0:0:0:0:0:1 /stats
2017-10-06 15:34:13 0:0:0:0:0:0:0:1 /css/normalize.css
